[2023-05-22 11:12:05] local.INFO: Detected N+1 Query  
[2023-05-22 11:12:05] local.INFO: Model: App\Models\Hrm\Attendance\Attendance
Relation: user
Num-Called: 3
Call-Stack:
#18 \app\Repositories\Report\AttendanceReportRepository.php:1790
#22 \vendor\laravel\framework\src\Illuminate\Support\Traits\ForwardsCalls.php:23
#23 \vendor\laravel\framework\src\Illuminate\Pagination\AbstractPaginator.php:770
#24 \app\Repositories\Report\AttendanceReportRepository.php:1773
#25 \app\Http\Controllers\Backend\Attendance\AttendanceController.php:47
#26 \vendor\laravel\framework\src\Illuminate\Routing\Controller.php:54
#27 \vendor\laravel\framework\src\Illuminate\Routing\ControllerDispatcher.php:45
#28 \vendor\laravel\framework\src\Illuminate\Routing\Route.php:261
#29 \vendor\laravel\framework\src\Illuminate\Routing\Route.php:205
#30 \vendor\laravel\framework\src\Illuminate\Routing\Router.php:721
#31 \vendor\laravel\framework\src\Illuminate\Pipeline\Pipeline.php:128
#32 \app\Http\Middleware\PermissionCheck.php:22
#33 \vendor\laravel\framework\src\Illuminate\Pipeline\Pipeline.php:167
#34 \app\Http\Middleware\SiteMaintenanceMiddleware.php:21
#35 \vendor\laravel\framework\src\Illuminate\Pipeline\Pipeline.php:167
#36 \app\Http\Middleware\Admin.php:26
#37 \vendor\laravel\framework\src\Illuminate\Pipeline\Pipeline.php:167
#38 \app\Http\Middleware\XSS.php:35
#39 \vendor\laravel\framework\src\Illuminate\Pipeline\Pipeline.php:167
#40 \app\Http\Middleware\Localization.php:22
#41 \vendor\laravel\framework\src\Illuminate\Pipeline\Pipeline.php:167
#42 \vendor\laravel\framework\src\Illuminate\Routing\Middleware\SubstituteBindings.php:50
#43 \vendor\laravel\framework\src\Illuminate\Pipeline\Pipeline.php:167
#44 \vendor\laravel\framework\src\Illuminate\Foundation\Http\Middleware\VerifyCsrfToken.php:78
#45 \vendor\laravel\framework\src\Illuminate\Pipeline\Pipeline.php:167
#46 \vendor\laravel\framework\src\Illuminate\View\Middleware\ShareErrorsFromSession.php:49
#47 \vendor\laravel\framework\src\Illuminate\Pipeline\Pipeline.php:167
#48 \vendor\laravel\framework\src\Illuminate\Session\Middleware\StartSession.php:121
#49 \vendor\laravel\framework\src\Illuminate\Session\Middleware\StartSession.php:64
  
[2023-05-22 11:12:05] local.INFO: Model: App\Models\User
Relation: department
Num-Called: 3
Call-Stack:
#18 \app\Repositories\Report\AttendanceReportRepository.php:1792
#22 \vendor\laravel\framework\src\Illuminate\Support\Traits\ForwardsCalls.php:23
#23 \vendor\laravel\framework\src\Illuminate\Pagination\AbstractPaginator.php:770
#24 \app\Repositories\Report\AttendanceReportRepository.php:1773
#25 \app\Http\Controllers\Backend\Attendance\AttendanceController.php:47
#26 \vendor\laravel\framework\src\Illuminate\Routing\Controller.php:54
#27 \vendor\laravel\framework\src\Illuminate\Routing\ControllerDispatcher.php:45
#28 \vendor\laravel\framework\src\Illuminate\Routing\Route.php:261
#29 \vendor\laravel\framework\src\Illuminate\Routing\Route.php:205
#30 \vendor\laravel\framework\src\Illuminate\Routing\Router.php:721
#31 \vendor\laravel\framework\src\Illuminate\Pipeline\Pipeline.php:128
#32 \app\Http\Middleware\PermissionCheck.php:22
#33 \vendor\laravel\framework\src\Illuminate\Pipeline\Pipeline.php:167
#34 \app\Http\Middleware\SiteMaintenanceMiddleware.php:21
#35 \vendor\laravel\framework\src\Illuminate\Pipeline\Pipeline.php:167
#36 \app\Http\Middleware\Admin.php:26
#37 \vendor\laravel\framework\src\Illuminate\Pipeline\Pipeline.php:167
#38 \app\Http\Middleware\XSS.php:35
#39 \vendor\laravel\framework\src\Illuminate\Pipeline\Pipeline.php:167
#40 \app\Http\Middleware\Localization.php:22
#41 \vendor\laravel\framework\src\Illuminate\Pipeline\Pipeline.php:167
#42 \vendor\laravel\framework\src\Illuminate\Routing\Middleware\SubstituteBindings.php:50
#43 \vendor\laravel\framework\src\Illuminate\Pipeline\Pipeline.php:167
#44 \vendor\laravel\framework\src\Illuminate\Foundation\Http\Middleware\VerifyCsrfToken.php:78
#45 \vendor\laravel\framework\src\Illuminate\Pipeline\Pipeline.php:167
#46 \vendor\laravel\framework\src\Illuminate\View\Middleware\ShareErrorsFromSession.php:49
#47 \vendor\laravel\framework\src\Illuminate\Pipeline\Pipeline.php:167
#48 \vendor\laravel\framework\src\Illuminate\Session\Middleware\StartSession.php:121
#49 \vendor\laravel\framework\src\Illuminate\Session\Middleware\StartSession.php:64
  
[2023-05-22 11:12:05] local.INFO: Model: App\Models\Hrm\Attendance\Attendance
Relation: earlyOutReason
Num-Called: 2
Call-Stack:
#18 \app\Repositories\Report\AttendanceReportRepository.php:1717
#19 \app\Repositories\Report\AttendanceReportRepository.php:1796
#23 \vendor\laravel\framework\src\Illuminate\Support\Traits\ForwardsCalls.php:23
#24 \vendor\laravel\framework\src\Illuminate\Pagination\AbstractPaginator.php:770
#25 \app\Repositories\Report\AttendanceReportRepository.php:1773
#26 \app\Http\Controllers\Backend\Attendance\AttendanceController.php:47
#27 \vendor\laravel\framework\src\Illuminate\Routing\Controller.php:54
#28 \vendor\laravel\framework\src\Illuminate\Routing\ControllerDispatcher.php:45
#29 \vendor\laravel\framework\src\Illuminate\Routing\Route.php:261
#30 \vendor\laravel\framework\src\Illuminate\Routing\Route.php:205
#31 \vendor\laravel\framework\src\Illuminate\Routing\Router.php:721
#32 \vendor\laravel\framework\src\Illuminate\Pipeline\Pipeline.php:128
#33 \app\Http\Middleware\PermissionCheck.php:22
#34 \vendor\laravel\framework\src\Illuminate\Pipeline\Pipeline.php:167
#35 \app\Http\Middleware\SiteMaintenanceMiddleware.php:21
#36 \vendor\laravel\framework\src\Illuminate\Pipeline\Pipeline.php:167
#37 \app\Http\Middleware\Admin.php:26
#38 \vendor\laravel\framework\src\Illuminate\Pipeline\Pipeline.php:167
#39 \app\Http\Middleware\XSS.php:35
#40 \vendor\laravel\framework\src\Illuminate\Pipeline\Pipeline.php:167
#41 \app\Http\Middleware\Localization.php:22
#42 \vendor\laravel\framework\src\Illuminate\Pipeline\Pipeline.php:167
#43 \vendor\laravel\framework\src\Illuminate\Routing\Middleware\SubstituteBindings.php:50
#44 \vendor\laravel\framework\src\Illuminate\Pipeline\Pipeline.php:167
#45 \vendor\laravel\framework\src\Illuminate\Foundation\Http\Middleware\VerifyCsrfToken.php:78
#46 \vendor\laravel\framework\src\Illuminate\Pipeline\Pipeline.php:167
#47 \vendor\laravel\framework\src\Illuminate\View\Middleware\ShareErrorsFromSession.php:49
#48 \vendor\laravel\framework\src\Illuminate\Pipeline\Pipeline.php:167
#49 \vendor\laravel\framework\src\Illuminate\Session\Middleware\StartSession.php:121
  
[2023-05-22 11:12:05] local.INFO: Model: App\Models\Hrm\Shift\Shift
Relation: App\Models\Hrm\Attendance\DutySchedule
Num-Called: 3
Call-Stack:
#18 \app\Repositories\Report\AttendanceReportRepository.php:1864
#19 \app\Repositories\Report\AttendanceReportRepository.php:1799
#23 \vendor\laravel\framework\src\Illuminate\Support\Traits\ForwardsCalls.php:23
#24 \vendor\laravel\framework\src\Illuminate\Pagination\AbstractPaginator.php:770
#25 \app\Repositories\Report\AttendanceReportRepository.php:1773
#26 \app\Http\Controllers\Backend\Attendance\AttendanceController.php:47
#27 \vendor\laravel\framework\src\Illuminate\Routing\Controller.php:54
#28 \vendor\laravel\framework\src\Illuminate\Routing\ControllerDispatcher.php:45
#29 \vendor\laravel\framework\src\Illuminate\Routing\Route.php:261
#30 \vendor\laravel\framework\src\Illuminate\Routing\Route.php:205
#31 \vendor\laravel\framework\src\Illuminate\Routing\Router.php:721
#32 \vendor\laravel\framework\src\Illuminate\Pipeline\Pipeline.php:128
#33 \app\Http\Middleware\PermissionCheck.php:22
#34 \vendor\laravel\framework\src\Illuminate\Pipeline\Pipeline.php:167
#35 \app\Http\Middleware\SiteMaintenanceMiddleware.php:21
#36 \vendor\laravel\framework\src\Illuminate\Pipeline\Pipeline.php:167
#37 \app\Http\Middleware\Admin.php:26
#38 \vendor\laravel\framework\src\Illuminate\Pipeline\Pipeline.php:167
#39 \app\Http\Middleware\XSS.php:35
#40 \vendor\laravel\framework\src\Illuminate\Pipeline\Pipeline.php:167
#41 \app\Http\Middleware\Localization.php:22
#42 \vendor\laravel\framework\src\Illuminate\Pipeline\Pipeline.php:167
#43 \vendor\laravel\framework\src\Illuminate\Routing\Middleware\SubstituteBindings.php:50
#44 \vendor\laravel\framework\src\Illuminate\Pipeline\Pipeline.php:167
#45 \vendor\laravel\framework\src\Illuminate\Foundation\Http\Middleware\VerifyCsrfToken.php:78
#46 \vendor\laravel\framework\src\Illuminate\Pipeline\Pipeline.php:167
#47 \vendor\laravel\framework\src\Illuminate\View\Middleware\ShareErrorsFromSession.php:49
#48 \vendor\laravel\framework\src\Illuminate\Pipeline\Pipeline.php:167
#49 \vendor\laravel\framework\src\Illuminate\Session\Middleware\StartSession.php:121
  
[2023-05-22 11:12:05] local.INFO: Model: App\Models\Hrm\Shift\Shift
Relation: App\Models\Hrm\Attendance\DutySchedule
Num-Called: 3
Call-Stack:
#18 \app\Repositories\Report\AttendanceReportRepository.php:1913
#19 \app\Repositories\Report\AttendanceReportRepository.php:1800
#23 \vendor\laravel\framework\src\Illuminate\Support\Traits\ForwardsCalls.php:23
#24 \vendor\laravel\framework\src\Illuminate\Pagination\AbstractPaginator.php:770
#25 \app\Repositories\Report\AttendanceReportRepository.php:1773
#26 \app\Http\Controllers\Backend\Attendance\AttendanceController.php:47
#27 \vendor\laravel\framework\src\Illuminate\Routing\Controller.php:54
#28 \vendor\laravel\framework\src\Illuminate\Routing\ControllerDispatcher.php:45
#29 \vendor\laravel\framework\src\Illuminate\Routing\Route.php:261
#30 \vendor\laravel\framework\src\Illuminate\Routing\Route.php:205
#31 \vendor\laravel\framework\src\Illuminate\Routing\Router.php:721
#32 \vendor\laravel\framework\src\Illuminate\Pipeline\Pipeline.php:128
#33 \app\Http\Middleware\PermissionCheck.php:22
#34 \vendor\laravel\framework\src\Illuminate\Pipeline\Pipeline.php:167
#35 \app\Http\Middleware\SiteMaintenanceMiddleware.php:21
#36 \vendor\laravel\framework\src\Illuminate\Pipeline\Pipeline.php:167
#37 \app\Http\Middleware\Admin.php:26
#38 \vendor\laravel\framework\src\Illuminate\Pipeline\Pipeline.php:167
#39 \app\Http\Middleware\XSS.php:35
#40 \vendor\laravel\framework\src\Illuminate\Pipeline\Pipeline.php:167
#41 \app\Http\Middleware\Localization.php:22
#42 \vendor\laravel\framework\src\Illuminate\Pipeline\Pipeline.php:167
#43 \vendor\laravel\framework\src\Illuminate\Routing\Middleware\SubstituteBindings.php:50
#44 \vendor\laravel\framework\src\Illuminate\Pipeline\Pipeline.php:167
#45 \vendor\laravel\framework\src\Illuminate\Foundation\Http\Middleware\VerifyCsrfToken.php:78
#46 \vendor\laravel\framework\src\Illuminate\Pipeline\Pipeline.php:167
#47 \vendor\laravel\framework\src\Illuminate\View\Middleware\ShareErrorsFromSession.php:49
#48 \vendor\laravel\framework\src\Illuminate\Pipeline\Pipeline.php:167
#49 \vendor\laravel\framework\src\Illuminate\Session\Middleware\StartSession.php:121
  
