[2023-05-24 11:17:00] local.INFO: Detected N+1 Query  
[2023-05-24 11:17:00] local.INFO: Model: App\Models\Hrm\Attendance\Attendance
Relation: user
Num-Called: 3
Call-Stack:
#18 \app\Repositories\Report\AttendanceReportRepository.php:1790
#22 \vendor\laravel\framework\src\Illuminate\Support\Traits\ForwardsCalls.php:23
#23 \vendor\laravel\framework\src\Illuminate\Pagination\AbstractPaginator.php:770
#24 \app\Repositories\Report\AttendanceReportRepository.php:1773
#25 \app\Http\Controllers\Backend\Attendance\AttendanceController.php:47
#26 \vendor\laravel\framework\src\Illuminate\Routing\Controller.php:54
#27 \vendor\laravel\framework\src\Illuminate\Routing\ControllerDispatcher.php:45
#28 \vendor\laravel\framework\src\Illuminate\Routing\Route.php:261
#29 \vendor\laravel\framework\src\Illuminate\Routing\Route.php:205
#30 \vendor\laravel\framework\src\Illuminate\Routing\Router.php:721
#31 \vendor\laravel\framework\src\Illuminate\Pipeline\Pipeline.php:128
#32 \app\Http\Middleware\PermissionCheck.php:22
#33 \vendor\laravel\framework\src\Illuminate\Pipeline\Pipeline.php:167
#34 \app\Http\Middleware\SiteMaintenanceMiddleware.php:21
#35 \vendor\laravel\framework\src\Illuminate\Pipeline\Pipeline.php:167
#36 \app\Http\Middleware\Admin.php:26
#37 \vendor\laravel\framework\src\Illuminate\Pipeline\Pipeline.php:167
#38 \app\Http\Middleware\XSS.php:35
#39 \vendor\laravel\framework\src\Illuminate\Pipeline\Pipeline.php:167
#40 \app\Http\Middleware\Localization.php:22
#41 \vendor\laravel\framework\src\Illuminate\Pipeline\Pipeline.php:167
#42 \vendor\laravel\framework\src\Illuminate\Routing\Middleware\SubstituteBindings.php:50
#43 \vendor\laravel\framework\src\Illuminate\Pipeline\Pipeline.php:167
#44 \vendor\laravel\framework\src\Illuminate\Foundation\Http\Middleware\VerifyCsrfToken.php:78
#45 \vendor\laravel\framework\src\Illuminate\Pipeline\Pipeline.php:167
#46 \vendor\laravel\framework\src\Illuminate\View\Middleware\ShareErrorsFromSession.php:49
#47 \vendor\laravel\framework\src\Illuminate\Pipeline\Pipeline.php:167
#48 \vendor\laravel\framework\src\Illuminate\Session\Middleware\StartSession.php:121
#49 \vendor\laravel\framework\src\Illuminate\Session\Middleware\StartSession.php:64
  
[2023-05-24 11:17:00] local.INFO: Model: App\Models\User
Relation: department
Num-Called: 3
Call-Stack:
#18 \app\Repositories\Report\AttendanceReportRepository.php:1792
#22 \vendor\laravel\framework\src\Illuminate\Support\Traits\ForwardsCalls.php:23
#23 \vendor\laravel\framework\src\Illuminate\Pagination\AbstractPaginator.php:770
#24 \app\Repositories\Report\AttendanceReportRepository.php:1773
#25 \app\Http\Controllers\Backend\Attendance\AttendanceController.php:47
#26 \vendor\laravel\framework\src\Illuminate\Routing\Controller.php:54
#27 \vendor\laravel\framework\src\Illuminate\Routing\ControllerDispatcher.php:45
#28 \vendor\laravel\framework\src\Illuminate\Routing\Route.php:261
#29 \vendor\laravel\framework\src\Illuminate\Routing\Route.php:205
#30 \vendor\laravel\framework\src\Illuminate\Routing\Router.php:721
#31 \vendor\laravel\framework\src\Illuminate\Pipeline\Pipeline.php:128
#32 \app\Http\Middleware\PermissionCheck.php:22
#33 \vendor\laravel\framework\src\Illuminate\Pipeline\Pipeline.php:167
#34 \app\Http\Middleware\SiteMaintenanceMiddleware.php:21
#35 \vendor\laravel\framework\src\Illuminate\Pipeline\Pipeline.php:167
#36 \app\Http\Middleware\Admin.php:26
#37 \vendor\laravel\framework\src\Illuminate\Pipeline\Pipeline.php:167
#38 \app\Http\Middleware\XSS.php:35
#39 \vendor\laravel\framework\src\Illuminate\Pipeline\Pipeline.php:167
#40 \app\Http\Middleware\Localization.php:22
#41 \vendor\laravel\framework\src\Illuminate\Pipeline\Pipeline.php:167
#42 \vendor\laravel\framework\src\Illuminate\Routing\Middleware\SubstituteBindings.php:50
#43 \vendor\laravel\framework\src\Illuminate\Pipeline\Pipeline.php:167
#44 \vendor\laravel\framework\src\Illuminate\Foundation\Http\Middleware\VerifyCsrfToken.php:78
#45 \vendor\laravel\framework\src\Illuminate\Pipeline\Pipeline.php:167
#46 \vendor\laravel\framework\src\Illuminate\View\Middleware\ShareErrorsFromSession.php:49
#47 \vendor\laravel\framework\src\Illuminate\Pipeline\Pipeline.php:167
#48 \vendor\laravel\framework\src\Illuminate\Session\Middleware\StartSession.php:121
#49 \vendor\laravel\framework\src\Illuminate\Session\Middleware\StartSession.php:64
  
[2023-05-24 11:17:00] local.INFO: Model: App\Models\Hrm\Attendance\Attendance
Relation: earlyOutReason
Num-Called: 2
Call-Stack:
#18 \app\Repositories\Report\AttendanceReportRepository.php:1717
#19 \app\Repositories\Report\AttendanceReportRepository.php:1796
#23 \vendor\laravel\framework\src\Illuminate\Support\Traits\ForwardsCalls.php:23
#24 \vendor\laravel\framework\src\Illuminate\Pagination\AbstractPaginator.php:770
#25 \app\Repositories\Report\AttendanceReportRepository.php:1773
#26 \app\Http\Controllers\Backend\Attendance\AttendanceController.php:47
#27 \vendor\laravel\framework\src\Illuminate\Routing\Controller.php:54
#28 \vendor\laravel\framework\src\Illuminate\Routing\ControllerDispatcher.php:45
#29 \vendor\laravel\framework\src\Illuminate\Routing\Route.php:261
#30 \vendor\laravel\framework\src\Illuminate\Routing\Route.php:205
#31 \vendor\laravel\framework\src\Illuminate\Routing\Router.php:721
#32 \vendor\laravel\framework\src\Illuminate\Pipeline\Pipeline.php:128
#33 \app\Http\Middleware\PermissionCheck.php:22
#34 \vendor\laravel\framework\src\Illuminate\Pipeline\Pipeline.php:167
#35 \app\Http\Middleware\SiteMaintenanceMiddleware.php:21
#36 \vendor\laravel\framework\src\Illuminate\Pipeline\Pipeline.php:167
#37 \app\Http\Middleware\Admin.php:26
#38 \vendor\laravel\framework\src\Illuminate\Pipeline\Pipeline.php:167
#39 \app\Http\Middleware\XSS.php:35
#40 \vendor\laravel\framework\src\Illuminate\Pipeline\Pipeline.php:167
#41 \app\Http\Middleware\Localization.php:22
#42 \vendor\laravel\framework\src\Illuminate\Pipeline\Pipeline.php:167
#43 \vendor\laravel\framework\src\Illuminate\Routing\Middleware\SubstituteBindings.php:50
#44 \vendor\laravel\framework\src\Illuminate\Pipeline\Pipeline.php:167
#45 \vendor\laravel\framework\src\Illuminate\Foundation\Http\Middleware\VerifyCsrfToken.php:78
#46 \vendor\laravel\framework\src\Illuminate\Pipeline\Pipeline.php:167
#47 \vendor\laravel\framework\src\Illuminate\View\Middleware\ShareErrorsFromSession.php:49
#48 \vendor\laravel\framework\src\Illuminate\Pipeline\Pipeline.php:167
#49 \vendor\laravel\framework\src\Illuminate\Session\Middleware\StartSession.php:121
  
[2023-05-24 11:17:00] local.INFO: Model: App\Models\Hrm\Shift\Shift
Relation: App\Models\Hrm\Attendance\DutySchedule
Num-Called: 3
Call-Stack:
#18 \app\Repositories\Report\AttendanceReportRepository.php:1864
#19 \app\Repositories\Report\AttendanceReportRepository.php:1799
#23 \vendor\laravel\framework\src\Illuminate\Support\Traits\ForwardsCalls.php:23
#24 \vendor\laravel\framework\src\Illuminate\Pagination\AbstractPaginator.php:770
#25 \app\Repositories\Report\AttendanceReportRepository.php:1773
#26 \app\Http\Controllers\Backend\Attendance\AttendanceController.php:47
#27 \vendor\laravel\framework\src\Illuminate\Routing\Controller.php:54
#28 \vendor\laravel\framework\src\Illuminate\Routing\ControllerDispatcher.php:45
#29 \vendor\laravel\framework\src\Illuminate\Routing\Route.php:261
#30 \vendor\laravel\framework\src\Illuminate\Routing\Route.php:205
#31 \vendor\laravel\framework\src\Illuminate\Routing\Router.php:721
#32 \vendor\laravel\framework\src\Illuminate\Pipeline\Pipeline.php:128
#33 \app\Http\Middleware\PermissionCheck.php:22
#34 \vendor\laravel\framework\src\Illuminate\Pipeline\Pipeline.php:167
#35 \app\Http\Middleware\SiteMaintenanceMiddleware.php:21
#36 \vendor\laravel\framework\src\Illuminate\Pipeline\Pipeline.php:167
#37 \app\Http\Middleware\Admin.php:26
#38 \vendor\laravel\framework\src\Illuminate\Pipeline\Pipeline.php:167
#39 \app\Http\Middleware\XSS.php:35
#40 \vendor\laravel\framework\src\Illuminate\Pipeline\Pipeline.php:167
#41 \app\Http\Middleware\Localization.php:22
#42 \vendor\laravel\framework\src\Illuminate\Pipeline\Pipeline.php:167
#43 \vendor\laravel\framework\src\Illuminate\Routing\Middleware\SubstituteBindings.php:50
#44 \vendor\laravel\framework\src\Illuminate\Pipeline\Pipeline.php:167
#45 \vendor\laravel\framework\src\Illuminate\Foundation\Http\Middleware\VerifyCsrfToken.php:78
#46 \vendor\laravel\framework\src\Illuminate\Pipeline\Pipeline.php:167
#47 \vendor\laravel\framework\src\Illuminate\View\Middleware\ShareErrorsFromSession.php:49
#48 \vendor\laravel\framework\src\Illuminate\Pipeline\Pipeline.php:167
#49 \vendor\laravel\framework\src\Illuminate\Session\Middleware\StartSession.php:121
  
[2023-05-24 11:17:00] local.INFO: Model: App\Models\Hrm\Shift\Shift
Relation: App\Models\Hrm\Attendance\DutySchedule
Num-Called: 3
Call-Stack:
#18 \app\Repositories\Report\AttendanceReportRepository.php:1913
#19 \app\Repositories\Report\AttendanceReportRepository.php:1800
#23 \vendor\laravel\framework\src\Illuminate\Support\Traits\ForwardsCalls.php:23
#24 \vendor\laravel\framework\src\Illuminate\Pagination\AbstractPaginator.php:770
#25 \app\Repositories\Report\AttendanceReportRepository.php:1773
#26 \app\Http\Controllers\Backend\Attendance\AttendanceController.php:47
#27 \vendor\laravel\framework\src\Illuminate\Routing\Controller.php:54
#28 \vendor\laravel\framework\src\Illuminate\Routing\ControllerDispatcher.php:45
#29 \vendor\laravel\framework\src\Illuminate\Routing\Route.php:261
#30 \vendor\laravel\framework\src\Illuminate\Routing\Route.php:205
#31 \vendor\laravel\framework\src\Illuminate\Routing\Router.php:721
#32 \vendor\laravel\framework\src\Illuminate\Pipeline\Pipeline.php:128
#33 \app\Http\Middleware\PermissionCheck.php:22
#34 \vendor\laravel\framework\src\Illuminate\Pipeline\Pipeline.php:167
#35 \app\Http\Middleware\SiteMaintenanceMiddleware.php:21
#36 \vendor\laravel\framework\src\Illuminate\Pipeline\Pipeline.php:167
#37 \app\Http\Middleware\Admin.php:26
#38 \vendor\laravel\framework\src\Illuminate\Pipeline\Pipeline.php:167
#39 \app\Http\Middleware\XSS.php:35
#40 \vendor\laravel\framework\src\Illuminate\Pipeline\Pipeline.php:167
#41 \app\Http\Middleware\Localization.php:22
#42 \vendor\laravel\framework\src\Illuminate\Pipeline\Pipeline.php:167
#43 \vendor\laravel\framework\src\Illuminate\Routing\Middleware\SubstituteBindings.php:50
#44 \vendor\laravel\framework\src\Illuminate\Pipeline\Pipeline.php:167
#45 \vendor\laravel\framework\src\Illuminate\Foundation\Http\Middleware\VerifyCsrfToken.php:78
#46 \vendor\laravel\framework\src\Illuminate\Pipeline\Pipeline.php:167
#47 \vendor\laravel\framework\src\Illuminate\View\Middleware\ShareErrorsFromSession.php:49
#48 \vendor\laravel\framework\src\Illuminate\Pipeline\Pipeline.php:167
#49 \vendor\laravel\framework\src\Illuminate\Session\Middleware\StartSession.php:121
  
[2023-05-24 16:29:00] local.INFO: Detected N+1 Query  
[2023-05-24 16:29:00] local.INFO: Model: App\Models\Hrm\Shift\Shift
Relation: App\Models\Hrm\Attendance\DutySchedule
Num-Called: 4
Call-Stack:
#18 \app\Repositories\Hrm\Attendance\AttendanceRepository.php:1111
#19 \app\Repositories\Hrm\Attendance\AttendanceRepository.php:1076
#20 \app\Http\Controllers\Api\Attendance\AttendanceController.php:76
#21 \vendor\laravel\framework\src\Illuminate\Routing\Controller.php:54
#22 \vendor\laravel\framework\src\Illuminate\Routing\ControllerDispatcher.php:45
#23 \vendor\laravel\framework\src\Illuminate\Routing\Route.php:261
#24 \vendor\laravel\framework\src\Illuminate\Routing\Route.php:205
#25 \vendor\laravel\framework\src\Illuminate\Routing\Router.php:721
#26 \vendor\laravel\framework\src\Illuminate\Pipeline\Pipeline.php:128
#27 \app\Http\Middleware\SiteMaintenanceMiddleware.php:21
#28 \vendor\laravel\framework\src\Illuminate\Pipeline\Pipeline.php:167
#29 \app\Http\Middleware\TimeZone.php:27
#30 \vendor\laravel\framework\src\Illuminate\Pipeline\Pipeline.php:167
#31 \app\Http\Middleware\Cors.php:19
#32 \vendor\laravel\framework\src\Illuminate\Pipeline\Pipeline.php:167
#33 \vendor\laravel\framework\src\Illuminate\Routing\Middleware\SubstituteBindings.php:50
#34 \vendor\laravel\framework\src\Illuminate\Pipeline\Pipeline.php:167
#35 \vendor\laravel\framework\src\Illuminate\Routing\Middleware\ThrottleRequests.php:127
#36 \vendor\laravel\framework\src\Illuminate\Routing\Middleware\ThrottleRequests.php:93
#37 \vendor\laravel\framework\src\Illuminate\Routing\Middleware\ThrottleRequests.php:55
#38 \vendor\laravel\framework\src\Illuminate\Pipeline\Pipeline.php:167
#39 \vendor\laravel\sanctum\src\Http\Middleware\EnsureFrontendRequestsAreStateful.php:33
#40 \vendor\laravel\framework\src\Illuminate\Pipeline\Pipeline.php:128
#41 \vendor\laravel\framework\src\Illuminate\Pipeline\Pipeline.php:103
#42 \vendor\laravel\sanctum\src\Http\Middleware\EnsureFrontendRequestsAreStateful.php:32
#43 \vendor\laravel\framework\src\Illuminate\Pipeline\Pipeline.php:167
#44 \vendor\laravel\framework\src\Illuminate\Pipeline\Pipeline.php:103
#45 \vendor\laravel\framework\src\Illuminate\Routing\Router.php:719
#46 \vendor\laravel\framework\src\Illuminate\Routing\Router.php:698
#47 \vendor\laravel\framework\src\Illuminate\Routing\Router.php:662
#48 \vendor\laravel\framework\src\Illuminate\Routing\Router.php:651
#49 \vendor\laravel\framework\src\Illuminate\Foundation\Http\Kernel.php:167
  
[2023-05-24 16:34:43] local.INFO: Detected N+1 Query  
[2023-05-24 16:34:43] local.INFO: Model: App\Models\Hrm\Attendance\DutySchedule
Relation: shift
Num-Called: 4
Call-Stack:
#18 \app\Repositories\DutyScheduleRepository.php:267
#22 \vendor\laravel\framework\src\Illuminate\Support\Traits\ForwardsCalls.php:23
#23 \vendor\laravel\framework\src\Illuminate\Pagination\AbstractPaginator.php:770
#24 \app\Repositories\DutyScheduleRepository.php:248
#25 \app\Http\Controllers\Backend\Attendance\DutyScheduleController.php:31
#26 \vendor\laravel\framework\src\Illuminate\Routing\Controller.php:54
#27 \vendor\laravel\framework\src\Illuminate\Routing\ControllerDispatcher.php:45
#28 \vendor\laravel\framework\src\Illuminate\Routing\Route.php:261
#29 \vendor\laravel\framework\src\Illuminate\Routing\Route.php:205
#30 \vendor\laravel\framework\src\Illuminate\Routing\Router.php:721
#31 \vendor\laravel\framework\src\Illuminate\Pipeline\Pipeline.php:128
#32 \app\Http\Middleware\PermissionCheck.php:22
#33 \vendor\laravel\framework\src\Illuminate\Pipeline\Pipeline.php:167
#34 \app\Http\Middleware\SiteMaintenanceMiddleware.php:21
#35 \vendor\laravel\framework\src\Illuminate\Pipeline\Pipeline.php:167
#36 \app\Http\Middleware\Admin.php:26
#37 \vendor\laravel\framework\src\Illuminate\Pipeline\Pipeline.php:167
#38 \app\Http\Middleware\XSS.php:35
#39 \vendor\laravel\framework\src\Illuminate\Pipeline\Pipeline.php:167
#40 \app\Http\Middleware\Localization.php:22
#41 \vendor\laravel\framework\src\Illuminate\Pipeline\Pipeline.php:167
#42 \vendor\laravel\framework\src\Illuminate\Routing\Middleware\SubstituteBindings.php:50
#43 \vendor\laravel\framework\src\Illuminate\Pipeline\Pipeline.php:167
#44 \vendor\laravel\framework\src\Illuminate\Foundation\Http\Middleware\VerifyCsrfToken.php:78
#45 \vendor\laravel\framework\src\Illuminate\Pipeline\Pipeline.php:167
#46 \vendor\laravel\framework\src\Illuminate\View\Middleware\ShareErrorsFromSession.php:49
#47 \vendor\laravel\framework\src\Illuminate\Pipeline\Pipeline.php:167
#48 \vendor\laravel\framework\src\Illuminate\Session\Middleware\StartSession.php:121
#49 \vendor\laravel\framework\src\Illuminate\Session\Middleware\StartSession.php:64
  
[2023-05-24 16:34:43] local.INFO: Model: App\Models\Hrm\Attendance\DutySchedule
Relation: status
Num-Called: 4
Call-Stack:
#18 \app\Repositories\DutyScheduleRepository.php:272
#22 \vendor\laravel\framework\src\Illuminate\Support\Traits\ForwardsCalls.php:23
#23 \vendor\laravel\framework\src\Illuminate\Pagination\AbstractPaginator.php:770
#24 \app\Repositories\DutyScheduleRepository.php:248
#25 \app\Http\Controllers\Backend\Attendance\DutyScheduleController.php:31
#26 \vendor\laravel\framework\src\Illuminate\Routing\Controller.php:54
#27 \vendor\laravel\framework\src\Illuminate\Routing\ControllerDispatcher.php:45
#28 \vendor\laravel\framework\src\Illuminate\Routing\Route.php:261
#29 \vendor\laravel\framework\src\Illuminate\Routing\Route.php:205
#30 \vendor\laravel\framework\src\Illuminate\Routing\Router.php:721
#31 \vendor\laravel\framework\src\Illuminate\Pipeline\Pipeline.php:128
#32 \app\Http\Middleware\PermissionCheck.php:22
#33 \vendor\laravel\framework\src\Illuminate\Pipeline\Pipeline.php:167
#34 \app\Http\Middleware\SiteMaintenanceMiddleware.php:21
#35 \vendor\laravel\framework\src\Illuminate\Pipeline\Pipeline.php:167
#36 \app\Http\Middleware\Admin.php:26
#37 \vendor\laravel\framework\src\Illuminate\Pipeline\Pipeline.php:167
#38 \app\Http\Middleware\XSS.php:35
#39 \vendor\laravel\framework\src\Illuminate\Pipeline\Pipeline.php:167
#40 \app\Http\Middleware\Localization.php:22
#41 \vendor\laravel\framework\src\Illuminate\Pipeline\Pipeline.php:167
#42 \vendor\laravel\framework\src\Illuminate\Routing\Middleware\SubstituteBindings.php:50
#43 \vendor\laravel\framework\src\Illuminate\Pipeline\Pipeline.php:167
#44 \vendor\laravel\framework\src\Illuminate\Foundation\Http\Middleware\VerifyCsrfToken.php:78
#45 \vendor\laravel\framework\src\Illuminate\Pipeline\Pipeline.php:167
#46 \vendor\laravel\framework\src\Illuminate\View\Middleware\ShareErrorsFromSession.php:49
#47 \vendor\laravel\framework\src\Illuminate\Pipeline\Pipeline.php:167
#48 \vendor\laravel\framework\src\Illuminate\Session\Middleware\StartSession.php:121
#49 \vendor\laravel\framework\src\Illuminate\Session\Middleware\StartSession.php:64
  
[2023-05-24 16:53:20] local.INFO: Detected N+1 Query  
[2023-05-24 16:53:20] local.INFO: Model: App\Models\Hrm\Shift\Shift
Relation: App\Models\Hrm\Attendance\DutySchedule
Num-Called: 5
Call-Stack:
#18 \app\Repositories\Hrm\Attendance\AttendanceRepository.php:1118
#19 \app\Repositories\Hrm\Attendance\AttendanceRepository.php:1077
#20 \app\Http\Controllers\Api\Attendance\AttendanceController.php:76
#21 \vendor\laravel\framework\src\Illuminate\Routing\Controller.php:54
#22 \vendor\laravel\framework\src\Illuminate\Routing\ControllerDispatcher.php:45
#23 \vendor\laravel\framework\src\Illuminate\Routing\Route.php:261
#24 \vendor\laravel\framework\src\Illuminate\Routing\Route.php:205
#25 \vendor\laravel\framework\src\Illuminate\Routing\Router.php:721
#26 \vendor\laravel\framework\src\Illuminate\Pipeline\Pipeline.php:128
#27 \app\Http\Middleware\SiteMaintenanceMiddleware.php:21
#28 \vendor\laravel\framework\src\Illuminate\Pipeline\Pipeline.php:167
#29 \app\Http\Middleware\TimeZone.php:27
#30 \vendor\laravel\framework\src\Illuminate\Pipeline\Pipeline.php:167
#31 \app\Http\Middleware\Cors.php:19
#32 \vendor\laravel\framework\src\Illuminate\Pipeline\Pipeline.php:167
#33 \vendor\laravel\framework\src\Illuminate\Routing\Middleware\SubstituteBindings.php:50
#34 \vendor\laravel\framework\src\Illuminate\Pipeline\Pipeline.php:167
#35 \vendor\laravel\framework\src\Illuminate\Routing\Middleware\ThrottleRequests.php:127
#36 \vendor\laravel\framework\src\Illuminate\Routing\Middleware\ThrottleRequests.php:93
#37 \vendor\laravel\framework\src\Illuminate\Routing\Middleware\ThrottleRequests.php:55
#38 \vendor\laravel\framework\src\Illuminate\Pipeline\Pipeline.php:167
#39 \vendor\laravel\sanctum\src\Http\Middleware\EnsureFrontendRequestsAreStateful.php:33
#40 \vendor\laravel\framework\src\Illuminate\Pipeline\Pipeline.php:128
#41 \vendor\laravel\framework\src\Illuminate\Pipeline\Pipeline.php:103
#42 \vendor\laravel\sanctum\src\Http\Middleware\EnsureFrontendRequestsAreStateful.php:32
#43 \vendor\laravel\framework\src\Illuminate\Pipeline\Pipeline.php:167
#44 \vendor\laravel\framework\src\Illuminate\Pipeline\Pipeline.php:103
#45 \vendor\laravel\framework\src\Illuminate\Routing\Router.php:719
#46 \vendor\laravel\framework\src\Illuminate\Routing\Router.php:698
#47 \vendor\laravel\framework\src\Illuminate\Routing\Router.php:662
#48 \vendor\laravel\framework\src\Illuminate\Routing\Router.php:651
#49 \vendor\laravel\framework\src\Illuminate\Foundation\Http\Kernel.php:167
  
