[2023-09-01 09:11:45] local.INFO: Detected N+1 Query  
[2023-09-01 09:11:45] local.INFO: Model: App\Models\User
Relation: department
Num-Called: 10
Call-Stack:
#18 \app\Repositories\UserRepository.php:534
#22 \vendor\laravel\framework\src\Illuminate\Support\Traits\ForwardsCalls.php:23
#23 \vendor\laravel\framework\src\Illuminate\Pagination\AbstractPaginator.php:770
#24 \app\Repositories\UserRepository.php:467
#25 \app\Http\Controllers\Backend\UserController.php:447
#26 \vendor\laravel\framework\src\Illuminate\Routing\Controller.php:54
#27 \vendor\laravel\framework\src\Illuminate\Routing\ControllerDispatcher.php:45
#28 \vendor\laravel\framework\src\Illuminate\Routing\Route.php:261
#29 \vendor\laravel\framework\src\Illuminate\Routing\Route.php:205
#30 \vendor\laravel\framework\src\Illuminate\Routing\Router.php:721
#31 \vendor\laravel\framework\src\Illuminate\Pipeline\Pipeline.php:128
#32 \app\Http\Middleware\PermissionCheck.php:22
#33 \vendor\laravel\framework\src\Illuminate\Pipeline\Pipeline.php:167
#34 \app\Http\Middleware\Admin.php:26
#35 \vendor\laravel\framework\src\Illuminate\Pipeline\Pipeline.php:167
#36 \app\Http\Middleware\TimeZone.php:27
#37 \vendor\laravel\framework\src\Illuminate\Pipeline\Pipeline.php:167
#38 \app\Http\Middleware\XSS.php:35
#39 \vendor\laravel\framework\src\Illuminate\Pipeline\Pipeline.php:167
#40 \app\Http\Middleware\Localization.php:22
#41 \vendor\laravel\framework\src\Illuminate\Pipeline\Pipeline.php:167
#42 \vendor\laravel\framework\src\Illuminate\Routing\Middleware\SubstituteBindings.php:50
#43 \vendor\laravel\framework\src\Illuminate\Pipeline\Pipeline.php:167
#44 \vendor\laravel\framework\src\Illuminate\Foundation\Http\Middleware\VerifyCsrfToken.php:78
#45 \vendor\laravel\framework\src\Illuminate\Pipeline\Pipeline.php:167
#46 \vendor\laravel\framework\src\Illuminate\View\Middleware\ShareErrorsFromSession.php:49
#47 \vendor\laravel\framework\src\Illuminate\Pipeline\Pipeline.php:167
#48 \vendor\laravel\framework\src\Illuminate\Session\Middleware\StartSession.php:121
#49 \vendor\laravel\framework\src\Illuminate\Session\Middleware\StartSession.php:64
  
[2023-09-01 09:11:45] local.INFO: Model: App\Models\User
Relation: manager
Num-Called: 5
Call-Stack:
#18 \app\Repositories\UserRepository.php:535
#22 \vendor\laravel\framework\src\Illuminate\Support\Traits\ForwardsCalls.php:23
#23 \vendor\laravel\framework\src\Illuminate\Pagination\AbstractPaginator.php:770
#24 \app\Repositories\UserRepository.php:467
#25 \app\Http\Controllers\Backend\UserController.php:447
#26 \vendor\laravel\framework\src\Illuminate\Routing\Controller.php:54
#27 \vendor\laravel\framework\src\Illuminate\Routing\ControllerDispatcher.php:45
#28 \vendor\laravel\framework\src\Illuminate\Routing\Route.php:261
#29 \vendor\laravel\framework\src\Illuminate\Routing\Route.php:205
#30 \vendor\laravel\framework\src\Illuminate\Routing\Router.php:721
#31 \vendor\laravel\framework\src\Illuminate\Pipeline\Pipeline.php:128
#32 \app\Http\Middleware\PermissionCheck.php:22
#33 \vendor\laravel\framework\src\Illuminate\Pipeline\Pipeline.php:167
#34 \app\Http\Middleware\Admin.php:26
#35 \vendor\laravel\framework\src\Illuminate\Pipeline\Pipeline.php:167
#36 \app\Http\Middleware\TimeZone.php:27
#37 \vendor\laravel\framework\src\Illuminate\Pipeline\Pipeline.php:167
#38 \app\Http\Middleware\XSS.php:35
#39 \vendor\laravel\framework\src\Illuminate\Pipeline\Pipeline.php:167
#40 \app\Http\Middleware\Localization.php:22
#41 \vendor\laravel\framework\src\Illuminate\Pipeline\Pipeline.php:167
#42 \vendor\laravel\framework\src\Illuminate\Routing\Middleware\SubstituteBindings.php:50
#43 \vendor\laravel\framework\src\Illuminate\Pipeline\Pipeline.php:167
#44 \vendor\laravel\framework\src\Illuminate\Foundation\Http\Middleware\VerifyCsrfToken.php:78
#45 \vendor\laravel\framework\src\Illuminate\Pipeline\Pipeline.php:167
#46 \vendor\laravel\framework\src\Illuminate\View\Middleware\ShareErrorsFromSession.php:49
#47 \vendor\laravel\framework\src\Illuminate\Pipeline\Pipeline.php:167
#48 \vendor\laravel\framework\src\Illuminate\Session\Middleware\StartSession.php:121
#49 \vendor\laravel\framework\src\Illuminate\Session\Middleware\StartSession.php:64
  
[2023-09-01 09:11:45] local.INFO: Model: App\Models\User
Relation: designation
Num-Called: 10
Call-Stack:
#18 \app\Repositories\UserRepository.php:536
#22 \vendor\laravel\framework\src\Illuminate\Support\Traits\ForwardsCalls.php:23
#23 \vendor\laravel\framework\src\Illuminate\Pagination\AbstractPaginator.php:770
#24 \app\Repositories\UserRepository.php:467
#25 \app\Http\Controllers\Backend\UserController.php:447
#26 \vendor\laravel\framework\src\Illuminate\Routing\Controller.php:54
#27 \vendor\laravel\framework\src\Illuminate\Routing\ControllerDispatcher.php:45
#28 \vendor\laravel\framework\src\Illuminate\Routing\Route.php:261
#29 \vendor\laravel\framework\src\Illuminate\Routing\Route.php:205
#30 \vendor\laravel\framework\src\Illuminate\Routing\Router.php:721
#31 \vendor\laravel\framework\src\Illuminate\Pipeline\Pipeline.php:128
#32 \app\Http\Middleware\PermissionCheck.php:22
#33 \vendor\laravel\framework\src\Illuminate\Pipeline\Pipeline.php:167
#34 \app\Http\Middleware\Admin.php:26
#35 \vendor\laravel\framework\src\Illuminate\Pipeline\Pipeline.php:167
#36 \app\Http\Middleware\TimeZone.php:27
#37 \vendor\laravel\framework\src\Illuminate\Pipeline\Pipeline.php:167
#38 \app\Http\Middleware\XSS.php:35
#39 \vendor\laravel\framework\src\Illuminate\Pipeline\Pipeline.php:167
#40 \app\Http\Middleware\Localization.php:22
#41 \vendor\laravel\framework\src\Illuminate\Pipeline\Pipeline.php:167
#42 \vendor\laravel\framework\src\Illuminate\Routing\Middleware\SubstituteBindings.php:50
#43 \vendor\laravel\framework\src\Illuminate\Pipeline\Pipeline.php:167
#44 \vendor\laravel\framework\src\Illuminate\Foundation\Http\Middleware\VerifyCsrfToken.php:78
#45 \vendor\laravel\framework\src\Illuminate\Pipeline\Pipeline.php:167
#46 \vendor\laravel\framework\src\Illuminate\View\Middleware\ShareErrorsFromSession.php:49
#47 \vendor\laravel\framework\src\Illuminate\Pipeline\Pipeline.php:167
#48 \vendor\laravel\framework\src\Illuminate\Session\Middleware\StartSession.php:121
#49 \vendor\laravel\framework\src\Illuminate\Session\Middleware\StartSession.php:64
  
[2023-09-01 09:11:45] local.INFO: Model: App\Models\User
Relation: role
Num-Called: 10
Call-Stack:
#18 \app\Repositories\UserRepository.php:537
#22 \vendor\laravel\framework\src\Illuminate\Support\Traits\ForwardsCalls.php:23
#23 \vendor\laravel\framework\src\Illuminate\Pagination\AbstractPaginator.php:770
#24 \app\Repositories\UserRepository.php:467
#25 \app\Http\Controllers\Backend\UserController.php:447
#26 \vendor\laravel\framework\src\Illuminate\Routing\Controller.php:54
#27 \vendor\laravel\framework\src\Illuminate\Routing\ControllerDispatcher.php:45
#28 \vendor\laravel\framework\src\Illuminate\Routing\Route.php:261
#29 \vendor\laravel\framework\src\Illuminate\Routing\Route.php:205
#30 \vendor\laravel\framework\src\Illuminate\Routing\Router.php:721
#31 \vendor\laravel\framework\src\Illuminate\Pipeline\Pipeline.php:128
#32 \app\Http\Middleware\PermissionCheck.php:22
#33 \vendor\laravel\framework\src\Illuminate\Pipeline\Pipeline.php:167
#34 \app\Http\Middleware\Admin.php:26
#35 \vendor\laravel\framework\src\Illuminate\Pipeline\Pipeline.php:167
#36 \app\Http\Middleware\TimeZone.php:27
#37 \vendor\laravel\framework\src\Illuminate\Pipeline\Pipeline.php:167
#38 \app\Http\Middleware\XSS.php:35
#39 \vendor\laravel\framework\src\Illuminate\Pipeline\Pipeline.php:167
#40 \app\Http\Middleware\Localization.php:22
#41 \vendor\laravel\framework\src\Illuminate\Pipeline\Pipeline.php:167
#42 \vendor\laravel\framework\src\Illuminate\Routing\Middleware\SubstituteBindings.php:50
#43 \vendor\laravel\framework\src\Illuminate\Pipeline\Pipeline.php:167
#44 \vendor\laravel\framework\src\Illuminate\Foundation\Http\Middleware\VerifyCsrfToken.php:78
#45 \vendor\laravel\framework\src\Illuminate\Pipeline\Pipeline.php:167
#46 \vendor\laravel\framework\src\Illuminate\View\Middleware\ShareErrorsFromSession.php:49
#47 \vendor\laravel\framework\src\Illuminate\Pipeline\Pipeline.php:167
#48 \vendor\laravel\framework\src\Illuminate\Session\Middleware\StartSession.php:121
#49 \vendor\laravel\framework\src\Illuminate\Session\Middleware\StartSession.php:64
  
[2023-09-01 09:11:45] local.INFO: Model: App\Models\User
Relation: shift
Num-Called: 10
Call-Stack:
#18 \app\Repositories\UserRepository.php:538
#22 \vendor\laravel\framework\src\Illuminate\Support\Traits\ForwardsCalls.php:23
#23 \vendor\laravel\framework\src\Illuminate\Pagination\AbstractPaginator.php:770
#24 \app\Repositories\UserRepository.php:467
#25 \app\Http\Controllers\Backend\UserController.php:447
#26 \vendor\laravel\framework\src\Illuminate\Routing\Controller.php:54
#27 \vendor\laravel\framework\src\Illuminate\Routing\ControllerDispatcher.php:45
#28 \vendor\laravel\framework\src\Illuminate\Routing\Route.php:261
#29 \vendor\laravel\framework\src\Illuminate\Routing\Route.php:205
#30 \vendor\laravel\framework\src\Illuminate\Routing\Router.php:721
#31 \vendor\laravel\framework\src\Illuminate\Pipeline\Pipeline.php:128
#32 \app\Http\Middleware\PermissionCheck.php:22
#33 \vendor\laravel\framework\src\Illuminate\Pipeline\Pipeline.php:167
#34 \app\Http\Middleware\Admin.php:26
#35 \vendor\laravel\framework\src\Illuminate\Pipeline\Pipeline.php:167
#36 \app\Http\Middleware\TimeZone.php:27
#37 \vendor\laravel\framework\src\Illuminate\Pipeline\Pipeline.php:167
#38 \app\Http\Middleware\XSS.php:35
#39 \vendor\laravel\framework\src\Illuminate\Pipeline\Pipeline.php:167
#40 \app\Http\Middleware\Localization.php:22
#41 \vendor\laravel\framework\src\Illuminate\Pipeline\Pipeline.php:167
#42 \vendor\laravel\framework\src\Illuminate\Routing\Middleware\SubstituteBindings.php:50
#43 \vendor\laravel\framework\src\Illuminate\Pipeline\Pipeline.php:167
#44 \vendor\laravel\framework\src\Illuminate\Foundation\Http\Middleware\VerifyCsrfToken.php:78
#45 \vendor\laravel\framework\src\Illuminate\Pipeline\Pipeline.php:167
#46 \vendor\laravel\framework\src\Illuminate\View\Middleware\ShareErrorsFromSession.php:49
#47 \vendor\laravel\framework\src\Illuminate\Pipeline\Pipeline.php:167
#48 \vendor\laravel\framework\src\Illuminate\Session\Middleware\StartSession.php:121
#49 \vendor\laravel\framework\src\Illuminate\Session\Middleware\StartSession.php:64
  
[2023-09-01 09:11:45] local.INFO: Model: App\Models\User
Relation: status
Num-Called: 10
Call-Stack:
#18 \app\Repositories\UserRepository.php:540
#22 \vendor\laravel\framework\src\Illuminate\Support\Traits\ForwardsCalls.php:23
#23 \vendor\laravel\framework\src\Illuminate\Pagination\AbstractPaginator.php:770
#24 \app\Repositories\UserRepository.php:467
#25 \app\Http\Controllers\Backend\UserController.php:447
#26 \vendor\laravel\framework\src\Illuminate\Routing\Controller.php:54
#27 \vendor\laravel\framework\src\Illuminate\Routing\ControllerDispatcher.php:45
#28 \vendor\laravel\framework\src\Illuminate\Routing\Route.php:261
#29 \vendor\laravel\framework\src\Illuminate\Routing\Route.php:205
#30 \vendor\laravel\framework\src\Illuminate\Routing\Router.php:721
#31 \vendor\laravel\framework\src\Illuminate\Pipeline\Pipeline.php:128
#32 \app\Http\Middleware\PermissionCheck.php:22
#33 \vendor\laravel\framework\src\Illuminate\Pipeline\Pipeline.php:167
#34 \app\Http\Middleware\Admin.php:26
#35 \vendor\laravel\framework\src\Illuminate\Pipeline\Pipeline.php:167
#36 \app\Http\Middleware\TimeZone.php:27
#37 \vendor\laravel\framework\src\Illuminate\Pipeline\Pipeline.php:167
#38 \app\Http\Middleware\XSS.php:35
#39 \vendor\laravel\framework\src\Illuminate\Pipeline\Pipeline.php:167
#40 \app\Http\Middleware\Localization.php:22
#41 \vendor\laravel\framework\src\Illuminate\Pipeline\Pipeline.php:167
#42 \vendor\laravel\framework\src\Illuminate\Routing\Middleware\SubstituteBindings.php:50
#43 \vendor\laravel\framework\src\Illuminate\Pipeline\Pipeline.php:167
#44 \vendor\laravel\framework\src\Illuminate\Foundation\Http\Middleware\VerifyCsrfToken.php:78
#45 \vendor\laravel\framework\src\Illuminate\Pipeline\Pipeline.php:167
#46 \vendor\laravel\framework\src\Illuminate\View\Middleware\ShareErrorsFromSession.php:49
#47 \vendor\laravel\framework\src\Illuminate\Pipeline\Pipeline.php:167
#48 \vendor\laravel\framework\src\Illuminate\Session\Middleware\StartSession.php:121
#49 \vendor\laravel\framework\src\Illuminate\Session\Middleware\StartSession.php:64
  
[2023-09-01 09:29:41] local.INFO: Detected N+1 Query  
[2023-09-01 09:29:41] local.INFO: Model: App\Models\User
Relation: department
Num-Called: 10
Call-Stack:
#18 \app\Repositories\UserRepository.php:534
#22 \vendor\laravel\framework\src\Illuminate\Support\Traits\ForwardsCalls.php:23
#23 \vendor\laravel\framework\src\Illuminate\Pagination\AbstractPaginator.php:770
#24 \app\Repositories\UserRepository.php:467
#25 \app\Http\Controllers\Backend\UserController.php:447
#26 \vendor\laravel\framework\src\Illuminate\Routing\Controller.php:54
#27 \vendor\laravel\framework\src\Illuminate\Routing\ControllerDispatcher.php:45
#28 \vendor\laravel\framework\src\Illuminate\Routing\Route.php:261
#29 \vendor\laravel\framework\src\Illuminate\Routing\Route.php:205
#30 \vendor\laravel\framework\src\Illuminate\Routing\Router.php:721
#31 \vendor\laravel\framework\src\Illuminate\Pipeline\Pipeline.php:128
#32 \app\Http\Middleware\PermissionCheck.php:22
#33 \vendor\laravel\framework\src\Illuminate\Pipeline\Pipeline.php:167
#34 \app\Http\Middleware\Admin.php:26
#35 \vendor\laravel\framework\src\Illuminate\Pipeline\Pipeline.php:167
#36 \app\Http\Middleware\TimeZone.php:27
#37 \vendor\laravel\framework\src\Illuminate\Pipeline\Pipeline.php:167
#38 \app\Http\Middleware\XSS.php:35
#39 \vendor\laravel\framework\src\Illuminate\Pipeline\Pipeline.php:167
#40 \app\Http\Middleware\Localization.php:22
#41 \vendor\laravel\framework\src\Illuminate\Pipeline\Pipeline.php:167
#42 \vendor\laravel\framework\src\Illuminate\Routing\Middleware\SubstituteBindings.php:50
#43 \vendor\laravel\framework\src\Illuminate\Pipeline\Pipeline.php:167
#44 \vendor\laravel\framework\src\Illuminate\Foundation\Http\Middleware\VerifyCsrfToken.php:78
#45 \vendor\laravel\framework\src\Illuminate\Pipeline\Pipeline.php:167
#46 \vendor\laravel\framework\src\Illuminate\View\Middleware\ShareErrorsFromSession.php:49
#47 \vendor\laravel\framework\src\Illuminate\Pipeline\Pipeline.php:167
#48 \vendor\laravel\framework\src\Illuminate\Session\Middleware\StartSession.php:121
#49 \vendor\laravel\framework\src\Illuminate\Session\Middleware\StartSession.php:64
  
[2023-09-01 09:29:41] local.INFO: Model: App\Models\User
Relation: manager
Num-Called: 5
Call-Stack:
#18 \app\Repositories\UserRepository.php:535
#22 \vendor\laravel\framework\src\Illuminate\Support\Traits\ForwardsCalls.php:23
#23 \vendor\laravel\framework\src\Illuminate\Pagination\AbstractPaginator.php:770
#24 \app\Repositories\UserRepository.php:467
#25 \app\Http\Controllers\Backend\UserController.php:447
#26 \vendor\laravel\framework\src\Illuminate\Routing\Controller.php:54
#27 \vendor\laravel\framework\src\Illuminate\Routing\ControllerDispatcher.php:45
#28 \vendor\laravel\framework\src\Illuminate\Routing\Route.php:261
#29 \vendor\laravel\framework\src\Illuminate\Routing\Route.php:205
#30 \vendor\laravel\framework\src\Illuminate\Routing\Router.php:721
#31 \vendor\laravel\framework\src\Illuminate\Pipeline\Pipeline.php:128
#32 \app\Http\Middleware\PermissionCheck.php:22
#33 \vendor\laravel\framework\src\Illuminate\Pipeline\Pipeline.php:167
#34 \app\Http\Middleware\Admin.php:26
#35 \vendor\laravel\framework\src\Illuminate\Pipeline\Pipeline.php:167
#36 \app\Http\Middleware\TimeZone.php:27
#37 \vendor\laravel\framework\src\Illuminate\Pipeline\Pipeline.php:167
#38 \app\Http\Middleware\XSS.php:35
#39 \vendor\laravel\framework\src\Illuminate\Pipeline\Pipeline.php:167
#40 \app\Http\Middleware\Localization.php:22
#41 \vendor\laravel\framework\src\Illuminate\Pipeline\Pipeline.php:167
#42 \vendor\laravel\framework\src\Illuminate\Routing\Middleware\SubstituteBindings.php:50
#43 \vendor\laravel\framework\src\Illuminate\Pipeline\Pipeline.php:167
#44 \vendor\laravel\framework\src\Illuminate\Foundation\Http\Middleware\VerifyCsrfToken.php:78
#45 \vendor\laravel\framework\src\Illuminate\Pipeline\Pipeline.php:167
#46 \vendor\laravel\framework\src\Illuminate\View\Middleware\ShareErrorsFromSession.php:49
#47 \vendor\laravel\framework\src\Illuminate\Pipeline\Pipeline.php:167
#48 \vendor\laravel\framework\src\Illuminate\Session\Middleware\StartSession.php:121
#49 \vendor\laravel\framework\src\Illuminate\Session\Middleware\StartSession.php:64
  
[2023-09-01 09:29:41] local.INFO: Model: App\Models\User
Relation: designation
Num-Called: 10
Call-Stack:
#18 \app\Repositories\UserRepository.php:536
#22 \vendor\laravel\framework\src\Illuminate\Support\Traits\ForwardsCalls.php:23
#23 \vendor\laravel\framework\src\Illuminate\Pagination\AbstractPaginator.php:770
#24 \app\Repositories\UserRepository.php:467
#25 \app\Http\Controllers\Backend\UserController.php:447
#26 \vendor\laravel\framework\src\Illuminate\Routing\Controller.php:54
#27 \vendor\laravel\framework\src\Illuminate\Routing\ControllerDispatcher.php:45
#28 \vendor\laravel\framework\src\Illuminate\Routing\Route.php:261
#29 \vendor\laravel\framework\src\Illuminate\Routing\Route.php:205
#30 \vendor\laravel\framework\src\Illuminate\Routing\Router.php:721
#31 \vendor\laravel\framework\src\Illuminate\Pipeline\Pipeline.php:128
#32 \app\Http\Middleware\PermissionCheck.php:22
#33 \vendor\laravel\framework\src\Illuminate\Pipeline\Pipeline.php:167
#34 \app\Http\Middleware\Admin.php:26
#35 \vendor\laravel\framework\src\Illuminate\Pipeline\Pipeline.php:167
#36 \app\Http\Middleware\TimeZone.php:27
#37 \vendor\laravel\framework\src\Illuminate\Pipeline\Pipeline.php:167
#38 \app\Http\Middleware\XSS.php:35
#39 \vendor\laravel\framework\src\Illuminate\Pipeline\Pipeline.php:167
#40 \app\Http\Middleware\Localization.php:22
#41 \vendor\laravel\framework\src\Illuminate\Pipeline\Pipeline.php:167
#42 \vendor\laravel\framework\src\Illuminate\Routing\Middleware\SubstituteBindings.php:50
#43 \vendor\laravel\framework\src\Illuminate\Pipeline\Pipeline.php:167
#44 \vendor\laravel\framework\src\Illuminate\Foundation\Http\Middleware\VerifyCsrfToken.php:78
#45 \vendor\laravel\framework\src\Illuminate\Pipeline\Pipeline.php:167
#46 \vendor\laravel\framework\src\Illuminate\View\Middleware\ShareErrorsFromSession.php:49
#47 \vendor\laravel\framework\src\Illuminate\Pipeline\Pipeline.php:167
#48 \vendor\laravel\framework\src\Illuminate\Session\Middleware\StartSession.php:121
#49 \vendor\laravel\framework\src\Illuminate\Session\Middleware\StartSession.php:64
  
[2023-09-01 09:29:41] local.INFO: Model: App\Models\User
Relation: role
Num-Called: 10
Call-Stack:
#18 \app\Repositories\UserRepository.php:537
#22 \vendor\laravel\framework\src\Illuminate\Support\Traits\ForwardsCalls.php:23
#23 \vendor\laravel\framework\src\Illuminate\Pagination\AbstractPaginator.php:770
#24 \app\Repositories\UserRepository.php:467
#25 \app\Http\Controllers\Backend\UserController.php:447
#26 \vendor\laravel\framework\src\Illuminate\Routing\Controller.php:54
#27 \vendor\laravel\framework\src\Illuminate\Routing\ControllerDispatcher.php:45
#28 \vendor\laravel\framework\src\Illuminate\Routing\Route.php:261
#29 \vendor\laravel\framework\src\Illuminate\Routing\Route.php:205
#30 \vendor\laravel\framework\src\Illuminate\Routing\Router.php:721
#31 \vendor\laravel\framework\src\Illuminate\Pipeline\Pipeline.php:128
#32 \app\Http\Middleware\PermissionCheck.php:22
#33 \vendor\laravel\framework\src\Illuminate\Pipeline\Pipeline.php:167
#34 \app\Http\Middleware\Admin.php:26
#35 \vendor\laravel\framework\src\Illuminate\Pipeline\Pipeline.php:167
#36 \app\Http\Middleware\TimeZone.php:27
#37 \vendor\laravel\framework\src\Illuminate\Pipeline\Pipeline.php:167
#38 \app\Http\Middleware\XSS.php:35
#39 \vendor\laravel\framework\src\Illuminate\Pipeline\Pipeline.php:167
#40 \app\Http\Middleware\Localization.php:22
#41 \vendor\laravel\framework\src\Illuminate\Pipeline\Pipeline.php:167
#42 \vendor\laravel\framework\src\Illuminate\Routing\Middleware\SubstituteBindings.php:50
#43 \vendor\laravel\framework\src\Illuminate\Pipeline\Pipeline.php:167
#44 \vendor\laravel\framework\src\Illuminate\Foundation\Http\Middleware\VerifyCsrfToken.php:78
#45 \vendor\laravel\framework\src\Illuminate\Pipeline\Pipeline.php:167
#46 \vendor\laravel\framework\src\Illuminate\View\Middleware\ShareErrorsFromSession.php:49
#47 \vendor\laravel\framework\src\Illuminate\Pipeline\Pipeline.php:167
#48 \vendor\laravel\framework\src\Illuminate\Session\Middleware\StartSession.php:121
#49 \vendor\laravel\framework\src\Illuminate\Session\Middleware\StartSession.php:64
  
[2023-09-01 09:29:41] local.INFO: Model: App\Models\User
Relation: shift
Num-Called: 10
Call-Stack:
#18 \app\Repositories\UserRepository.php:538
#22 \vendor\laravel\framework\src\Illuminate\Support\Traits\ForwardsCalls.php:23
#23 \vendor\laravel\framework\src\Illuminate\Pagination\AbstractPaginator.php:770
#24 \app\Repositories\UserRepository.php:467
#25 \app\Http\Controllers\Backend\UserController.php:447
#26 \vendor\laravel\framework\src\Illuminate\Routing\Controller.php:54
#27 \vendor\laravel\framework\src\Illuminate\Routing\ControllerDispatcher.php:45
#28 \vendor\laravel\framework\src\Illuminate\Routing\Route.php:261
#29 \vendor\laravel\framework\src\Illuminate\Routing\Route.php:205
#30 \vendor\laravel\framework\src\Illuminate\Routing\Router.php:721
#31 \vendor\laravel\framework\src\Illuminate\Pipeline\Pipeline.php:128
#32 \app\Http\Middleware\PermissionCheck.php:22
#33 \vendor\laravel\framework\src\Illuminate\Pipeline\Pipeline.php:167
#34 \app\Http\Middleware\Admin.php:26
#35 \vendor\laravel\framework\src\Illuminate\Pipeline\Pipeline.php:167
#36 \app\Http\Middleware\TimeZone.php:27
#37 \vendor\laravel\framework\src\Illuminate\Pipeline\Pipeline.php:167
#38 \app\Http\Middleware\XSS.php:35
#39 \vendor\laravel\framework\src\Illuminate\Pipeline\Pipeline.php:167
#40 \app\Http\Middleware\Localization.php:22
#41 \vendor\laravel\framework\src\Illuminate\Pipeline\Pipeline.php:167
#42 \vendor\laravel\framework\src\Illuminate\Routing\Middleware\SubstituteBindings.php:50
#43 \vendor\laravel\framework\src\Illuminate\Pipeline\Pipeline.php:167
#44 \vendor\laravel\framework\src\Illuminate\Foundation\Http\Middleware\VerifyCsrfToken.php:78
#45 \vendor\laravel\framework\src\Illuminate\Pipeline\Pipeline.php:167
#46 \vendor\laravel\framework\src\Illuminate\View\Middleware\ShareErrorsFromSession.php:49
#47 \vendor\laravel\framework\src\Illuminate\Pipeline\Pipeline.php:167
#48 \vendor\laravel\framework\src\Illuminate\Session\Middleware\StartSession.php:121
#49 \vendor\laravel\framework\src\Illuminate\Session\Middleware\StartSession.php:64
  
[2023-09-01 09:29:41] local.INFO: Model: App\Models\User
Relation: status
Num-Called: 10
Call-Stack:
#18 \app\Repositories\UserRepository.php:540
#22 \vendor\laravel\framework\src\Illuminate\Support\Traits\ForwardsCalls.php:23
#23 \vendor\laravel\framework\src\Illuminate\Pagination\AbstractPaginator.php:770
#24 \app\Repositories\UserRepository.php:467
#25 \app\Http\Controllers\Backend\UserController.php:447
#26 \vendor\laravel\framework\src\Illuminate\Routing\Controller.php:54
#27 \vendor\laravel\framework\src\Illuminate\Routing\ControllerDispatcher.php:45
#28 \vendor\laravel\framework\src\Illuminate\Routing\Route.php:261
#29 \vendor\laravel\framework\src\Illuminate\Routing\Route.php:205
#30 \vendor\laravel\framework\src\Illuminate\Routing\Router.php:721
#31 \vendor\laravel\framework\src\Illuminate\Pipeline\Pipeline.php:128
#32 \app\Http\Middleware\PermissionCheck.php:22
#33 \vendor\laravel\framework\src\Illuminate\Pipeline\Pipeline.php:167
#34 \app\Http\Middleware\Admin.php:26
#35 \vendor\laravel\framework\src\Illuminate\Pipeline\Pipeline.php:167
#36 \app\Http\Middleware\TimeZone.php:27
#37 \vendor\laravel\framework\src\Illuminate\Pipeline\Pipeline.php:167
#38 \app\Http\Middleware\XSS.php:35
#39 \vendor\laravel\framework\src\Illuminate\Pipeline\Pipeline.php:167
#40 \app\Http\Middleware\Localization.php:22
#41 \vendor\laravel\framework\src\Illuminate\Pipeline\Pipeline.php:167
#42 \vendor\laravel\framework\src\Illuminate\Routing\Middleware\SubstituteBindings.php:50
#43 \vendor\laravel\framework\src\Illuminate\Pipeline\Pipeline.php:167
#44 \vendor\laravel\framework\src\Illuminate\Foundation\Http\Middleware\VerifyCsrfToken.php:78
#45 \vendor\laravel\framework\src\Illuminate\Pipeline\Pipeline.php:167
#46 \vendor\laravel\framework\src\Illuminate\View\Middleware\ShareErrorsFromSession.php:49
#47 \vendor\laravel\framework\src\Illuminate\Pipeline\Pipeline.php:167
#48 \vendor\laravel\framework\src\Illuminate\Session\Middleware\StartSession.php:121
#49 \vendor\laravel\framework\src\Illuminate\Session\Middleware\StartSession.php:64
  
